<?xml version="1.0" encoding="UTF-8"?>
<!-- Generated by org.testng.reporters.JUnitReportReporter -->
<testsuite skipped="0" hostname="LAPTOP-OT58K9N8" name="com.sdet.AppTest" tests="2" failures="0" timestamp="15 Jun 2021 09:34:26 GMT" time="0.005" errors="0">
  <testcase name="testlogin2" time="0.001" classname="com.sdet.AppTest"/>
  <testcase name="testlogin1" time="0.004" classname="com.sdet.AppTest"/>
</testsuite> <!-- com.sdet.AppTest -->
