<?xml version="1.0" encoding="UTF-8"?>
<!-- Generated by org.testng.reporters.JUnitReportReporter -->
<testsuite skipped="0" hostname="LAPTOP-OT58K9N8" name="com.sdet.TC_Login" tests="1" failures="0" timestamp="15 Jun 2021 09:34:26 GMT" time="13.442" errors="0">
  <testcase name="login_test" time="13.442" classname="com.sdet.TC_Login"/>
</testsuite> <!-- com.sdet.TC_Login -->
