<?xml version="1.0" encoding="UTF-8"?>
<!-- Generated by org.testng.reporters.JUnitReportReporter -->
<testsuite skipped="0" hostname="LAPTOP-OT58K9N8" name="com.sdet.TC_Login" tests="1" failures="0" timestamp="16 Jun 2021 08:33:22 GMT" time="18.111" errors="0">
  <testcase name="login_test" time="18.111" classname="com.sdet.TC_Login"/>
</testsuite> <!-- com.sdet.TC_Login -->
